#
# There is insufficient memory for the Java Runtime Environment to continue.
# Native memory allocation (malloc) failed to allocate 1998256 bytes for Chunk::new
# Possible reasons:
#   The system is out of physical RAM or swap space
#   In 32 bit mode, the process size limit was hit
# Possible solutions:
#   Reduce memory load on the system
#   Increase physical memory or swap space
#   Check if swap backing store is full
#   Use 64 bit Java on a 64 bit OS
#   Decrease Java heap size (-Xmx/-Xms)
#   Decrease number of Java threads
#   Decrease Java thread stack sizes (-Xss)
#   Set larger code cache with -XX:ReservedCodeCacheSize=
# This output file may be truncated or incomplete.
#
#  Out of Memory Error (allocation.cpp:390), pid=4364, tid=24776
#
# JRE version: Java(TM) SE Runtime Environment (8.0_91-b15) (build 1.8.0_91-b15)
# Java VM: Java HotSpot(TM) 64-Bit Server VM (25.91-b15 mixed mode windows-amd64 compressed oops)
# Failed to write core dump. Minidumps are not enabled by default on client versions of Windows
#

---------------  T H R E A D  ---------------

Current thread (0x000000001c14c800):  JavaThread "C2 CompilerThread0" daemon [_thread_in_native, id=24776, stack(0x000000001dbd0000,0x000000001dcd0000)]

Stack: [0x000000001dbd0000,0x000000001dcd0000]
[error occurred during error reporting (printing stack bounds), id 0xc0000005]

Native frames: (J=compiled Java code, j=interpreted, Vv=VM code, C=native code)


Current CompileTask:
C2:  11828 3460       4       org.springframework.core.annotation.TypeMappedAnnotations::scan (62 bytes)


---------------  P R O C E S S  ---------------

Java Threads: ( => current thread )
  0x000000001f78a000 JavaThread "HikariPool-1 connection adder" daemon [_thread_blocked, id=15016, stack(0x0000000023ff0000,0x00000000240f0000)]
  0x000000001d7d9000 JavaThread "HikariPool-1 housekeeper" daemon [_thread_blocked, id=26620, stack(0x0000000020180000,0x0000000020280000)]
  0x000000001d5bc000 JavaThread "Service Thread" daemon [_thread_blocked, id=14288, stack(0x000000001ded0000,0x000000001dfd0000)]
  0x000000001d540800 JavaThread "C1 CompilerThread2" daemon [_thread_blocked, id=26080, stack(0x000000001ddd0000,0x000000001ded0000)]
  0x000000001d535000 JavaThread "C2 CompilerThread1" daemon [_thread_in_native, id=26844, stack(0x000000001dcd0000,0x000000001ddd0000)]
=>0x000000001c14c800 JavaThread "C2 CompilerThread0" daemon [_thread_in_native, id=24776, stack(0x000000001dbd0000,0x000000001dcd0000)]
  0x000000001d52e800 JavaThread "Monitor Ctrl-Break" daemon [_thread_in_native, id=20144, stack(0x000000001dad0000,0x000000001dbd0000)]
  0x000000001d512800 JavaThread "Attach Listener" daemon [_thread_blocked, id=25152, stack(0x000000001d9d0000,0x000000001dad0000)]
  0x000000001c0f2800 JavaThread "Signal Dispatcher" daemon [_thread_blocked, id=25520, stack(0x000000001d8d0000,0x000000001d9d0000)]
  0x0000000002d9e800 JavaThread "Finalizer" daemon [_thread_blocked, id=11512, stack(0x000000001d340000,0x000000001d440000)]
  0x000000001c0b8800 JavaThread "Reference Handler" daemon [_thread_blocked, id=20080, stack(0x000000001d240000,0x000000001d340000)]
  0x0000000002ca3800 JavaThread "main" [_thread_in_vm, id=26004, stack(0x0000000002b50000,0x0000000002c50000)]

Other Threads:
  0x000000001c0b7800 VMThread [stack: 0x000000001d140000,0x000000001d240000] [id=11456]
  0x000000001d641800 WatcherThread [stack: 0x000000001dfd0000,0x000000001e0d0000] [id=22868]

VM state:not at safepoint (normal execution)

VM Mutex/Monitor currently owned by a thread: None

Heap:
 PSYoungGen      total 171008K, used 62730K [0x000000076d600000, 0x000000077a180000, 0x00000007c0000000)
  eden space 158720K, 31% used [0x000000076d600000,0x00000007707483d0,0x0000000777100000)
  from space 12288K, 99% used [0x0000000777100000,0x0000000777cfa6c8,0x0000000777d00000)
  to   space 10752K, 0% used [0x0000000777d00000,0x0000000777d00000,0x0000000778780000)
 ParOldGen       total 97280K, used 15515K [0x00000006c8200000, 0x00000006ce100000, 0x000000076d600000)
  object space 97280K, 15% used [0x00000006c8200000,0x00000006c9126f28,0x00000006ce100000)
 Metaspace       used 48437K, capacity 51290K, committed 51496K, reserved 1093632K
  class space    used 6695K, capacity 7201K, committed 7216K, reserved 1048576K

Card table byte_map: [0x0000000012260000,0x0000000012a20000] byte_map_base: 0x000000000ec1f000

Marking Bits: (ParMarkBitMap*) 0x00000000722d2f70
 Begin Bits: [0x0000000013350000, 0x0000000017148000)
 End Bits:   [0x0000000017148000, 0x000000001af40000)

Polling page: 0x0000000000b00000

CodeCache: size=245760Kb used=12554Kb max_used=12554Kb free=233205Kb
 bounds [0x0000000002ea0000, 0x0000000003af0000, 0x0000000011ea0000]
 total_blobs=4058 nmethods=3549 adapters=421
 compilation: enabled

Compilation events (10 events):
Event: 11.823 Thread 0x000000001d540800 nmethod 3563 0x0000000003ae4950 code [0x0000000003ae4ac0, 0x0000000003ae4ce8]
Event: 11.823 Thread 0x000000001d540800 3566       1       org.springframework.cglib.core.ClassEmitter$1::getType (5 bytes)
Event: 11.823 Thread 0x000000001d540800 nmethod 3566 0x0000000003ae4d90 code [0x0000000003ae4ee0, 0x0000000003ae4ff0]
Event: 11.823 Thread 0x000000001d540800 3562       3       org.springframework.asm.Type::getReturnType (13 bytes)
Event: 11.823 Thread 0x000000001d540800 nmethod 3562 0x0000000003ae5050 code [0x0000000003ae51c0, 0x0000000003ae5458]
Event: 11.823 Thread 0x000000001d540800 3569       3       org.springframework.asm.Frame::push (59 bytes)
Event: 11.824 Thread 0x000000001d540800 nmethod 3569 0x0000000003ae5590 code [0x0000000003ae5760, 0x0000000003ae5cc8]
Event: 11.824 Thread 0x000000001d540800 3570       3       org.springframework.asm.SymbolTable::addType (81 bytes)
Event: 11.824 Thread 0x000000001d540800 nmethod 3570 0x0000000003ae5f90 code [0x0000000003ae6160, 0x0000000003ae6878]
Event: 11.824 Thread 0x000000001d540800 3572       3       org.springframework.asm.Label::resolve (219 bytes)

GC Heap History (10 events):
Event: 3.843 GC heap before
{Heap before GC invocations=5 (full 1):
 PSYoungGen      total 74240K, used 63993K [0x000000076d600000, 0x0000000776700000, 0x00000007c0000000)
  eden space 64000K, 99% used [0x000000076d600000,0x000000077147e740,0x0000000771480000)
  from space 10240K, 0% used [0x0000000771480000,0x0000000771480000,0x0000000771e80000)
  to   space 10240K, 0% used [0x0000000775d00000,0x0000000775d00000,0x0000000776700000)
 ParOldGen       total 97280K, used 6921K [0x00000006c8200000, 0x00000006ce100000, 0x000000076d600000)
  object space 97280K, 7% used [0x00000006c8200000,0x00000006c88c2588,0x00000006ce100000)
 Metaspace       used 21899K, capacity 23552K, committed 23728K, reserved 1069056K
  class space    used 2881K, capacity 3204K, committed 3248K, reserved 1048576K
Event: 3.850 GC heap after
Heap after GC invocations=5 (full 1):
 PSYoungGen      total 105984K, used 3478K [0x000000076d600000, 0x0000000776080000, 0x00000007c0000000)
  eden space 102400K, 0% used [0x000000076d600000,0x000000076d600000,0x0000000773a00000)
  from space 3584K, 97% used [0x0000000775d00000,0x00000007760658f8,0x0000000776080000)
  to   space 10240K, 0% used [0x0000000774c80000,0x0000000774c80000,0x0000000775680000)
 ParOldGen       total 97280K, used 6921K [0x00000006c8200000, 0x00000006ce100000, 0x000000076d600000)
  object space 97280K, 7% used [0x00000006c8200000,0x00000006c88c2588,0x00000006ce100000)
 Metaspace       used 21899K, capacity 23552K, committed 23728K, reserved 1069056K
  class space    used 2881K, capacity 3204K, committed 3248K, reserved 1048576K
}
Event: 5.442 GC heap before
{Heap before GC invocations=6 (full 1):
 PSYoungGen      total 105984K, used 105878K [0x000000076d600000, 0x0000000776080000, 0x00000007c0000000)
  eden space 102400K, 100% used [0x000000076d600000,0x0000000773a00000,0x0000000773a00000)
  from space 3584K, 97% used [0x0000000775d00000,0x00000007760658f8,0x0000000776080000)
  to   space 10240K, 0% used [0x0000000774c80000,0x0000000774c80000,0x0000000775680000)
 ParOldGen       total 97280K, used 6921K [0x00000006c8200000, 0x00000006ce100000, 0x000000076d600000)
  object space 97280K, 7% used [0x00000006c8200000,0x00000006c88c2588,0x00000006ce100000)
 Metaspace       used 27041K, capacity 29172K, committed 29360K, reserved 1075200K
  class space    used 3577K, capacity 3968K, committed 4016K, reserved 1048576K
Event: 5.454 GC heap after
Heap after GC invocations=6 (full 1):
 PSYoungGen      total 131584K, used 8673K [0x000000076d600000, 0x0000000778780000, 0x00000007c0000000)
  eden space 121344K, 0% used [0x000000076d600000,0x000000076d600000,0x0000000774c80000)
  from space 10240K, 84% used [0x0000000774c80000,0x00000007754f8740,0x0000000775680000)
  to   space 10752K, 0% used [0x0000000777d00000,0x0000000777d00000,0x0000000778780000)
 ParOldGen       total 97280K, used 6929K [0x00000006c8200000, 0x00000006ce100000, 0x000000076d600000)
  object space 97280K, 7% used [0x00000006c8200000,0x00000006c88c4588,0x00000006ce100000)
 Metaspace       used 27041K, capacity 29172K, committed 29360K, reserved 1075200K
  class space    used 3577K, capacity 3968K, committed 4016K, reserved 1048576K
}
Event: 8.710 GC heap before
{Heap before GC invocations=7 (full 1):
 PSYoungGen      total 131584K, used 84204K [0x000000076d600000, 0x0000000778780000, 0x00000007c0000000)
  eden space 121344K, 62% used [0x000000076d600000,0x0000000771fc2aa0,0x0000000774c80000)
  from space 10240K, 84% used [0x0000000774c80000,0x00000007754f8740,0x0000000775680000)
  to   space 10752K, 0% used [0x0000000777d00000,0x0000000777d00000,0x0000000778780000)
 ParOldGen       total 97280K, used 6929K [0x00000006c8200000, 0x00000006ce100000, 0x000000076d600000)
  object space 97280K, 7% used [0x00000006c8200000,0x00000006c88c4588,0x00000006ce100000)
 Metaspace       used 33134K, capacity 35410K, committed 35496K, reserved 1079296K
  class space    used 4355K, capacity 4771K, committed 4784K, reserved 1048576K
Event: 8.724 GC heap after
Heap after GC invocations=7 (full 1):
 PSYoungGen      total 169472K, used 10128K [0x000000076d600000, 0x000000077a180000, 0x00000007c0000000)
  eden space 158720K, 0% used [0x000000076d600000,0x000000076d600000,0x0000000777100000)
  from space 10752K, 94% used [0x0000000777d00000,0x00000007786e4248,0x0000000778780000)
  to   space 12288K, 0% used [0x0000000777100000,0x0000000777100000,0x0000000777d00000)
 ParOldGen       total 97280K, used 6937K [0x00000006c8200000, 0x00000006ce100000, 0x000000076d600000)
  object space 97280K, 7% used [0x00000006c8200000,0x00000006c88c6588,0x00000006ce100000)
 Metaspace       used 33134K, capacity 35410K, committed 35496K, reserved 1079296K
  class space    used 4355K, capacity 4771K, committed 4784K, reserved 1048576K
}
Event: 8.724 GC heap before
{Heap before GC invocations=8 (full 2):
 PSYoungGen      total 169472K, used 10128K [0x000000076d600000, 0x000000077a180000, 0x00000007c0000000)
  eden space 158720K, 0% used [0x000000076d600000,0x000000076d600000,0x0000000777100000)
  from space 10752K, 94% used [0x0000000777d00000,0x00000007786e4248,0x0000000778780000)
  to   space 12288K, 0% used [0x0000000777100000,0x0000000777100000,0x0000000777d00000)
 ParOldGen       total 97280K, used 6937K [0x00000006c8200000, 0x00000006ce100000, 0x000000076d600000)
  object space 97280K, 7% used [0x00000006c8200000,0x00000006c88c6588,0x00000006ce100000)
 Metaspace       used 33134K, capacity 35410K, committed 35496K, reserved 1079296K
  class space    used 4355K, capacity 4771K, committed 4784K, reserved 1048576K
Event: 8.779 GC heap after
Heap after GC invocations=8 (full 2):
 PSYoungGen      total 169472K, used 0K [0x000000076d600000, 0x000000077a180000, 0x00000007c0000000)
  eden space 158720K, 0% used [0x000000076d600000,0x000000076d600000,0x0000000777100000)
  from space 10752K, 0% used [0x0000000777d00000,0x0000000777d00000,0x0000000778780000)
  to   space 12288K, 0% used [0x0000000777100000,0x0000000777100000,0x0000000777d00000)
 ParOldGen       total 97280K, used 14768K [0x00000006c8200000, 0x00000006ce100000, 0x000000076d600000)
  object space 97280K, 15% used [0x00000006c8200000,0x00000006c906c220,0x00000006ce100000)
 Metaspace       used 33134K, capacity 35410K, committed 35496K, reserved 1079296K
  class space    used 4355K, capacity 4771K, committed 4784K, reserved 1048576K
}
Event: 11.106 GC heap before
{Heap before GC invocations=9 (full 2):
 PSYoungGen      total 169472K, used 158720K [0x000000076d600000, 0x000000077a180000, 0x00000007c0000000)
  eden space 158720K, 100% used [0x000000076d600000,0x0000000777100000,0x0000000777100000)
  from space 10752K, 0% used [0x0000000777d00000,0x0000000777d00000,0x0000000778780000)
  to   space 12288K, 0% used [0x0000000777100000,0x0000000777100000,0x0000000777d00000)
 ParOldGen       total 97280K, used 14768K [0x00000006c8200000, 0x00000006ce100000, 0x000000076d600000)
  object space 97280K, 15% used [0x00000006c8200000,0x00000006c906c220,0x00000006ce100000)
 Metaspace       used 45563K, capacity 48046K, committed 48552K, reserved 1091584K
  class space    used 6329K, capacity 6777K, committed 6832K, reserved 1048576K
Event: 11.123 GC heap after
Heap after GC invocations=9 (full 2):
 PSYoungGen      total 171008K, used 12265K [0x000000076d600000, 0x000000077a180000, 0x00000007c0000000)
  eden space 158720K, 0% used [0x000000076d600000,0x000000076d600000,0x0000000777100000)
  from space 12288K, 99% used [0x0000000777100000,0x0000000777cfa6c8,0x0000000777d00000)
  to   space 10752K, 0% used [0x0000000777d00000,0x0000000777d00000,0x0000000778780000)
 ParOldGen       total 97280K, used 15515K [0x00000006c8200000, 0x00000006ce100000, 0x000000076d600000)
  object space 97280K, 15% used [0x00000006c8200000,0x00000006c9126f28,0x00000006ce100000)
 Metaspace       used 45563K, capacity 48046K, committed 48552K, reserved 1091584K
  class space    used 6329K, capacity 6777K, committed 6832K, reserved 1048576K
}

Deoptimization events (10 events):
Event: 9.649 Thread 0x0000000002ca3800 Uncommon trap: reason=class_check action=maybe_recompile pc=0x00000000039424b8 method=java.lang.ClassLoader.loadClass(Ljava/lang/String;)Ljava/lang/Class; @ 3
Event: 9.698 Thread 0x0000000002ca3800 Uncommon trap: reason=bimorphic action=maybe_recompile pc=0x000000000328e24c method=java.util.HashMap.putVal(ILjava/lang/Object;Ljava/lang/Object;ZZ)Ljava/lang/Object; @ 203
Event: 9.795 Thread 0x0000000002ca3800 Uncommon trap: reason=unstable_if action=reinterpret pc=0x000000000353add0 method=java.util.LinkedHashMap.get(Ljava/lang/Object;)Ljava/lang/Object; @ 20
Event: 10.280 Thread 0x0000000002ca3800 Uncommon trap: reason=unstable_if action=reinterpret pc=0x00000000037bf998 method=org.springframework.beans.factory.support.AbstractAutowireCapableBeanFactory.determineTargetType(Ljava/lang/String;Lorg/springframework/beans/factory/support/RootBeanDefiniti(ŠF-§$@
Event: 10.327 Thread 0x0000000002ca3800 Uncommon trap: reason=unstable_if action=reinterpret pc=0x00000000039bb5ec method=java.lang.Class$MethodArray.addIfNotPresent(Ljava/lang/reflect/Method;)V @ 19
Event: 10.766 Thread 0x0000000002ca3800 Uncommon trap: reason=unstable_if action=reinterpret pc=0x00000000039f0ec8 method=java.util.HashMap$HashIterator.<init>(Ljava/util/HashMap;)V @ 45
Event: 11.235 Thread 0x0000000002ca3800 Uncommon trap: reason=unstable_if action=reinterpret pc=0x00000000037dce40 method=org.springframework.asm.ClassReader.readUtf(II[C)Ljava/lang/String; @ 41
Event: 11.603 Thread 0x0000000002ca3800 Uncommon trap: reason=unstable_if action=reinterpret pc=0x00000000038c4950 method=org.springframework.util.ConcurrentReferenceHashMap$Segment.restructureIfNecessary(Z)V @ 41
Event: 11.626 Thread 0x0000000002ca3800 Uncommon trap: reason=unstable_if action=reinterpret pc=0x000000000342dff4 method=org.springframework.util.ConcurrentReferenceHashMap$Segment.restructureIfNecessary(Z)V @ 41
Event: 11.640 Thread 0x0000000002ca3800 Uncommon trap: reason=class_check action=maybe_recompile pc=0x00000000038b8238 method=org.springframework.util.ConcurrentReferenceHashMap$Segment.findInChain(Lorg/springframework/util/ConcurrentReferenceHashMap$Reference;Ljava/lang/Object;I)Lorg/springfram‡µB¢L#@

Internal exceptions (10 events):
Event: 11.636 Thread 0x0000000002ca3800 Exception <a 'java/lang/NoSuchMethodError': java.lang.Object.lambda$toStream$0(Ljava/util/Optional;)Ljava/util/stream/Stream;> (0x000000076f7e8148) thrown at [C:\re\workspace\8-2-build-windows-amd64-cygwin\jdk8u91\7017\hotspot\src\share\vm\interpreter\link^@yiÔE'@
Event: 11.636 Thread 0x0000000002ca3800 Exception <a 'java/lang/NoSuchMethodError': java.lang.Object.of(Ljava/lang/Object;)Ljava/util/stream/Stream;> (0x000000076f7ef328) thrown at [C:\re\workspace\8-2-build-windows-amd64-cygwin\jdk8u91\7017\hotspot\src\share\vm\interpreter\linkResolver.cpp, linÅI«kþE'@
Event: 11.637 Thread 0x0000000002ca3800 Exception <a 'java/lang/NoSuchMethodError': java.lang.Object.empty()Ljava/util/stream/Stream;> (0x000000076f7f2718) thrown at [C:\re\workspace\8-2-build-windows-amd64-cygwin\jdk8u91\7017\hotspot\src\share\vm\interpreter\linkResolver.cpp, line 582]
Event: 11.638 Thread 0x0000000002ca3800 Exception <a 'java/lang/NoSuchMethodError': java.lang.Object.fromNullable(Ljava/lang/Object;)Ljava/util/stream/Stream;> (0x000000076f802a68) thrown at [C:\re\workspace\8-2-build-windows-amd64-cygwin\jdk8u91\7017\hotspot\src\share\vm\interpreter\linkResolve'ûB#3R'@
Event: 11.661 Thread 0x0000000002ca3800 Exception <a 'java/lang/NoSuchMethodError': java.lang.Object.lambda$direct$0(Lorg/springframework/data/repository/core/support/MethodLookup$InvokedMethod;Ljava/lang/reflect/Method;)Z> (0x000000076f90d788) thrown at [C:\re\workspace\8-2-build-windows-amd64-Ûúé?kR'@
Event: 11.661 Thread 0x0000000002ca3800 Exception <a 'java/lang/NoSuchMethodError': java.lang.Object.lambda$direct$1(Lorg/springframework/data/repository/core/support/MethodLookup$MethodPredicate;)Ljava/util/List;> (0x000000076f910d20) thrown at [C:\re\workspace\8-2-build-windows-amd64-cygwin\jd( ß÷S'@
Event: 11.664 Thread 0x0000000002ca3800 Exception <a 'java/lang/NoSuchMethodError': java.lang.Object.lambda$and$0(Lorg/springframework/data/repository/core/support/MethodLookup;)Ljava/util/List;> (0x000000076f935e68) thrown at [C:\re\workspace\8-2-build-windows-amd64-cygwin\jdk8u91\7017\hotspot\Û‘Eõ1Z'@
Event: 11.676 Thread 0x0000000002ca3800 Exception <a 'java/lang/IncompatibleClassChangeError': Found class java.lang.Object, but interface was expected> (0x000000076f9f4620) thrown at [C:\re\workspace\8-2-build-windows-amd64-cygwin\jdk8u91\7017\hotspot\src\share\vm\interpreter\linkResolver.cpp, ¶ÀyÌ›–'@
Event: 11.794 Thread 0x0000000002ca3800 Exception <a 'java/lang/ClassNotFoundException': java/lang/ObjectCustomizer> (0x0000000770394668) thrown at [C:\re\workspace\8-2-build-windows-amd64-cygwin\jdk8u91\7017\hotspot\src\share\vm\classfile\systemDictionary.cpp, line 210]
Event: 11.796 Thread 0x0000000002ca3800 Exception <a 'java/lang/ClassNotFoundException': com/violet/springboot/service/posts/PostsServiceCustomizer> (0x00000007703b7820) thrown at [C:\re\workspace\8-2-build-windows-amd64-cygwin\jdk8u91\7017\hotspot\src\share\vm\classfile\systemDictionary.cpp, liÝÈá8•E'@

Events (10 events):
Event: 11.813 loading class org/springframework/aop/framework/CglibAopProxy$EqualsInterceptor
Event: 11.813 loading class org/springframework/aop/framework/CglibAopProxy$EqualsInterceptor done
Event: 11.814 loading class org/springframework/aop/framework/CglibAopProxy$HashCodeInterceptor
Event: 11.814 loading class org/springframework/aop/framework/CglibAopProxy$HashCodeInterceptor done
Event: 11.815 loading class org/springframework/aop/framework/CglibAopProxy$ProxyCallbackFilter
Event: 11.815 loading class org/springframework/aop/framework/CglibAopProxy$ProxyCallbackFilter done
Event: 11.817 loading class org/springframework/aop/framework/AdvisedSupport$MethodCacheKey
Event: 11.817 loading class org/springframework/aop/framework/AdvisedSupport$MethodCacheKey done
Event: 11.818 loading class org/springframework/aop/ThrowsAdvice
Event: 11.818 loading class org/springframework/aop/ThrowsAdvice done


Dynamic libraries:
0x00007ff68eab0000 - 0x00007ff68eae7000 	C:\Program Files\Java\jdk1.8.0_91\bin\java.exe
0x00007ff85dba0000 - 0x00007ff85dd90000 	C:\WINDOWS\SYSTEM32\ntdll.dll
0x00007ff8534a0000 - 0x00007ff8534b7000 	C:\Program Files\AVAST Software\Avast\aswhook.dll
0x00007ff85d120000 - 0x00007ff85d1d2000 	C:\WINDOWS\System32\KERNEL32.DLL
0x00007ff85b2c0000 - 0x00007ff85b565000 	C:\WINDOWS\System32\KERNELBASE.dll
0x00007ff85d4e0000 - 0x00007ff85d583000 	C:\WINDOWS\System32\ADVAPI32.dll
0x00007ff85cb80000 - 0x00007ff85cc1e000 	C:\WINDOWS\System32\msvcrt.dll
0x00007ff85cae0000 - 0x00007ff85cb77000 	C:\WINDOWS\System32\sechost.dll
0x00007ff85c9b0000 - 0x00007ff85cacf000 	C:\WINDOWS\System32\RPCRT4.dll
0x00007ff85cc30000 - 0x00007ff85cdc4000 	C:\WINDOWS\System32\USER32.dll
0x00007ff85ba10000 - 0x00007ff85ba31000 	C:\WINDOWS\System32\win32u.dll
0x00007ff85d1e0000 - 0x00007ff85d206000 	C:\WINDOWS\System32\GDI32.dll
0x00007ff85b7e0000 - 0x00007ff85b978000 	C:\WINDOWS\System32\gdi32full.dll
0x00007ff85b570000 - 0x00007ff85b60e000 	C:\WINDOWS\System32\msvcp_win.dll
0x00007ff85b610000 - 0x00007ff85b70a000 	C:\WINDOWS\System32\ucrtbase.dll
0x00007ff849320000 - 0x00007ff8495a4000 	C:\WINDOWS\WinSxS\amd64_microsoft.windows.common-controls_6595b64144ccf1df_6.0.18362.1556_none_9e7e372fe45e41d5\COMCTL32.dll
0x00007ff85cde0000 - 0x00007ff85d116000 	C:\WINDOWS\System32\combase.dll
0x00007ff85b980000 - 0x00007ff85ba01000 	C:\WINDOWS\System32\bcryptPrimitives.dll
0x00007ff85c980000 - 0x00007ff85c9ae000 	C:\WINDOWS\System32\IMM32.DLL
0x0000000072360000 - 0x0000000072432000 	C:\Program Files\Java\jdk1.8.0_91\jre\bin\msvcr100.dll
0x0000000071ac0000 - 0x0000000072353000 	C:\Program Files\Java\jdk1.8.0_91\jre\bin\server\jvm.dll
0x00007ff85cad0000 - 0x00007ff85cad8000 	C:\WINDOWS\System32\PSAPI.DLL
0x00007ff842aa0000 - 0x00007ff842aa9000 	C:\WINDOWS\SYSTEM32\WSOCK32.dll
0x00007ff85da80000 - 0x00007ff85daef000 	C:\WINDOWS\System32\WS2_32.dll
0x00007ff858000000 - 0x00007ff858024000 	C:\WINDOWS\SYSTEM32\WINMM.dll
0x00007ff850d70000 - 0x00007ff850d7a000 	C:\WINDOWS\SYSTEM32\VERSION.dll
0x00007ff857fd0000 - 0x00007ff857ffd000 	C:\WINDOWS\SYSTEM32\WINMMBASE.dll
0x00007ff85bc00000 - 0x00007ff85bc4a000 	C:\WINDOWS\System32\cfgmgr32.dll
0x0000000071ab0000 - 0x0000000071abf000 	C:\Program Files\Java\jdk1.8.0_91\jre\bin\verify.dll
0x0000000071a80000 - 0x0000000071aa9000 	C:\Program Files\Java\jdk1.8.0_91\jre\bin\java.dll
0x0000000074040000 - 0x0000000074063000 	C:\Program Files\Java\jdk1.8.0_91\jre\bin\instrument.dll
0x0000000071a60000 - 0x0000000071a76000 	C:\Program Files\Java\jdk1.8.0_91\jre\bin\zip.dll
0x00007ff85c290000 - 0x00007ff85c977000 	C:\WINDOWS\System32\SHELL32.dll
0x00007ff85d410000 - 0x00007ff85d4b8000 	C:\WINDOWS\System32\shcore.dll
0x00007ff85ab10000 - 0x00007ff85b28b000 	C:\WINDOWS\System32\windows.storage.dll
0x00007ff85aab0000 - 0x00007ff85aace000 	C:\WINDOWS\System32\profapi.dll
0x00007ff85aa60000 - 0x00007ff85aaaa000 	C:\WINDOWS\System32\powrprof.dll
0x00007ff85aa50000 - 0x00007ff85aa60000 	C:\WINDOWS\System32\UMPDC.dll
0x00007ff85c090000 - 0x00007ff85c0e2000 	C:\WINDOWS\System32\shlwapi.dll
0x00007ff85aaf0000 - 0x00007ff85ab01000 	C:\WINDOWS\System32\kernel.appcore.dll
0x00007ff85b7c0000 - 0x00007ff85b7d7000 	C:\WINDOWS\System32\cryptsp.dll
0x00007ff856490000 - 0x00007ff8564aa000 	C:\Users\berry\AppData\Local\JetBrains\Toolbox\apps\IDEA-C\ch-0\221.5921.22\bin\breakgen64.dll
0x0000000071a40000 - 0x0000000071a5a000 	C:\Program Files\Java\jdk1.8.0_91\jre\bin\net.dll
0x00007ff85a290000 - 0x00007ff85a2f7000 	C:\WINDOWS\system32\mswsock.dll
0x0000000071a20000 - 0x0000000071a31000 	C:\Program Files\Java\jdk1.8.0_91\jre\bin\nio.dll
0x0000000074030000 - 0x000000007403d000 	C:\Program Files\Java\jdk1.8.0_91\jre\bin\management.dll
0x00007ff833ca0000 - 0x00007ff833cb6000 	C:\WINDOWS\system32\napinsp.dll
0x00007ff833c80000 - 0x00007ff833c9a000 	C:\WINDOWS\system32\pnrpnsp.dll
0x00007ff859fe0000 - 0x00007ff85a0ab000 	C:\WINDOWS\SYSTEM32\DNSAPI.dll
0x00007ff85cc20000 - 0x00007ff85cc28000 	C:\WINDOWS\System32\NSI.dll
0x00007ff859fa0000 - 0x00007ff859fda000 	C:\WINDOWS\SYSTEM32\IPHLPAPI.DLL
0x00007ff833b90000 - 0x00007ff833b9e000 	C:\WINDOWS\System32\winrnr.dll
0x00007ff8563b0000 - 0x00007ff8563cc000 	C:\WINDOWS\system32\NLAapi.dll
0x00007ff855600000 - 0x00007ff855615000 	C:\WINDOWS\system32\wshbth.dll
0x00007ff84c1f0000 - 0x00007ff84c1fa000 	C:\Windows\System32\rasadhlp.dll
0x00007ff84d240000 - 0x00007ff84d2b7000 	C:\WINDOWS\System32\fwpuclnt.dll
0x00007ff85b290000 - 0x00007ff85b2b6000 	C:\WINDOWS\System32\bcrypt.dll
0x00007ff859e10000 - 0x00007ff859e43000 	C:\WINDOWS\system32\rsaenh.dll
0x00007ff85a970000 - 0x00007ff85a995000 	C:\WINDOWS\SYSTEM32\USERENV.dll
0x00007ff85a460000 - 0x00007ff85a46c000 	C:\WINDOWS\SYSTEM32\CRYPTBASE.dll
0x00007ff851270000 - 0x00007ff851286000 	C:\WINDOWS\SYSTEM32\dhcpcsvc6.DLL
0x00007ff851250000 - 0x00007ff85126c000 	C:\WINDOWS\SYSTEM32\dhcpcsvc.DLL

VM Arguments:
jvm_args: -ea -Didea.test.cyclic.buffer.size=1048576 -javaagent:C:\Users\berry\AppData\Local\JetBrains\Toolbox\apps\IDEA-C\ch-0\221.5921.22\lib\idea_rt.jar=7753:C:\Users\berry\AppData\Local\JetBrains\Toolbox\apps\IDEA-C\ch-0\221.5921.22\bin -Dfile.encoding=UTF-8 
java_command: com.intellij.rt.junit.JUnitStarter -ideVersion5 -junit5 com.violet.springboot.domain.posts.PostRepositoryTest,register_baseTimeEntity
java_class_path (initial): C:\Users\berry\.m2\repository\org\junit\platform\junit-platform-launcher\1.7.0\junit-platform-launcher-1.7.0.jar;C:\Users\berry\.m2\repository\org\apiguardian\apiguardian-api\1.1.0\apiguardian-api-1.1.0.jar;C:\Users\berry\.m2\repository\org\junit\platform\junit-platform-engine\1.7.0\junit-platform-engine-1.7.0.jar;C:\Users\berry\.m2\repository\org\opentest4j\opentest4j\1.2.0\opentest4j-1.2.0.jar;C:\Users\berry\.m2\repository\org\junit\platform\junit-platform-commons\1.7.0\junit-platform-commons-1.7.0.jar;C:\Users\berry\AppData\Local\JetBrains\Toolbox\apps\IDEA-C\ch-0\221.5921.22\lib\idea_rt.jar;C:\Users\berry\AppData\Local\JetBrains\Toolbox\apps\IDEA-C\ch-0\221.5921.22\plugins\junit\lib\junit5-rt.jar;C:\Users\berry\AppData\Local\JetBrains\Toolbox\apps\IDEA-C\ch-0\221.5921.22\plugins\junit\lib\junit-rt.jar;C:\Program Files\Java\jdk1.8.0_91\jre\lib\charsets.jar;C:\Program Files\Java\jdk1.8.0_91\jre\lib\deploy.jar;C:\Program Files\Java\jdk1.8.0_91\jre\lib\ext\access-bridge-64.jar;C:\Program Files\Java\jdk1.8.0_91\jre\lib\ext\cldrdata.jar;C:\Program Files\Java\jdk1.8.0_91\jre\lib\ext\dnsns.jar;C:\Program Files\Java\jdk1.8.0_91\jre\lib\ext\jaccess.jar;C:\Program Files\Java\jdk1.8.0_91\jre\lib\ext\jfxrt.jar;C:\Program Files\Java\jdk1.8.0_91\jre\lib\ext\localedata.jar;C:\Program Files\Java\jdk1.8.0_91\jre\lib\ext\nashorn.jar;C:\Program Files\Java\jdk1.8.0_91\jre\lib\ext\sunec.jar;C:\Program Files\Java\jdk1.8.0_91\jre\lib\ext\sunjce_provider.jar;C:\Program Files\Java\jdk1.8.0_91\jre\lib\ext\sunmscapi.jar;C:\Program Files\Java\jdk1.8.0_91\jre\lib\ext\sunpkcs11.jar;C:\Program Files\Java\jdk1.8.0_91\jre\lib\ext\zipfs.jar;C:\Program Files\Java\jdk1.8.0_91\jre\lib\javaws.jar;C:\Program Files\Java\jdk1.8.0_91\jre\lib\jce.jar;C:\Program Files\Java\jdk1.8.0_91\jre\lib\jfr.jar;C:\Program Files\Java\jdk1.8.0_91\jre\lib\jfxswt.jar;C:\Program Files\Java\jdk1.8.0_91\jre\lib\jsse.jar;C:\Program Files\Java\jdk1.8.0_91\jre\lib\management-agent.jar;C:\Program Fi
Launcher Type: SUN_STANDARD

Environment Variables:
JAVA_HOME=C:\Program Files\Java\jdk1.8.0_91
CLASSPATH=C:\Program Files\Java\jdk1.8.0_91lib\tools.jar
PATH=C:\Python39\Scripts\;C:\Python39\;C:\ProgramData\Anaconda3;C:\ProgramData\Anaconda3\Library\mingw-w64\bin;C:\ProgramData\Anaconda3\Library\usr\bin;C:\ProgramData\Anaconda3\Library\bin;C:\ProgramData\Anaconda3\Scripts;C:\Program Files (x86)\Common Files\Oracle\Java\javapath;C:\Program Files\Docker\Docker\Resources\bin;C:\Program Files (x86)\PHP\v5.6;C:\WINDOWS\system32\inetsrv;C:\WINDOWS\system32;C:\WINDOWS;C:\WINDOWS\System32\Wbem;C:\WINDOWS\System32\WindowsPowerShell\v1.0\;C:\Program Files\Java\jdk1.8.0_91\bin;C:\Users\berry\AppData\Local\Android\sdk\platform-tools;C:\Program Files (x86)\ATI Technologies\ATI.ACE\Core-Static;C:\Program Files\Microsoft\Web Platform Installer\;C:\Users\berry\AppData\Local\Microsoft\WindowsApps;C:\Users\berry\AppData\Local\atom\bin;C:\WINDOWS\system32;C:\WINDOWS;C:\WINDOWS\System32\Wbem;C:\WINDOWS\System32\WindowsPowerShell\v1.0\;C:\Program Files\Git\cmd;C:\WINDOWS\System32\OpenSSH\;C:\Program Files\Intel\WiFi\bin\;C:\Program Files\Common Files\Intel\WirelessCommon\;C:\develope\extJS;C:\develope;C:\ProgramData\chocolatey\bin;C:\Program Files\Microsoft VS Code\bin;C:\BERRY\ffmpeg-4.4-full_build\bin;C:\Program Files (x86)\NetSarang\Xshell 7\;C:\Users\berry\AppData\Roaming\nvm;C:\Program Files\nodejs;C:\Program Files\TortoiseSVN\bin;C:\mingw64\bin;C:\develope;C:\Users\berry\AppData\Local\Programs\Python\Python38-32\Scripts\;C:\Users\berry\AppData\Local\Programs\Python\Python38-32\;C:\Program Files\Intel\WiFi\bin\;C:\Program Files\Common Files\Intel\WirelessCommon\;C:\Users\berry\AppData\Local\Microsoft\WindowsApps;C:\Users\berry\AppData\Local\atom\bin;C:\Users\berry\AppData\Local\Microsoft\WindowsApps;C:\Program Files\JetBrains\PyCharm Community Edition 2018.3.3\bin;;C:\develope\extJS;C:\Users\berry\AppData\Roaming\npm;C:\Program Files\heroku\bin;C:\Users\berry\AppData\Roaming\nvm;C:\Program Files\nodejs;C:\develope\ffmpeg-full_build\bin;;C:\Users\berry\AppData\Local\JetBrains\Toolbox\scripts
USERNAME=berry
OS=Windows_NT
PROCESSOR_IDENTIFIER=Intel64 Family 6 Model 78 Stepping 3, GenuineIntel



---------------  S Y S T E M  ---------------

OS: Windows 10.0 , 64 bit Build 18362 (10.0.18362.1500)

CPU:total 4 (2 cores per cpu, 2 threads per core) family 6 model 78 stepping 3, cmov, cx8, fxsr, mmx, sse, sse2, sse3, ssse3, sse4.1, sse4.2, popcnt, avx, avx2, aes, clmul, erms, 3dnowpref, lzcnt, ht, tsc, tscinvbit, bmi1, bmi2, adx

Memory: 4k page, physical 16239260k(3461276k free), swap 17115804k(5992k free)

vm_info: Java HotSpot(TM) 64-Bit Server VM (25.91-b15) for windows-amd64 JRE (1.8.0_91-b15), built on May 20 2016 17:43:15 by "java_re" with MS VC++ 10.0 (VS2010)

time: Sun Jul 17 12:01:47 2022
elapsed time: 11 seconds (0d 0h 0m 11s)

